==3604311== Memcheck, a memory error detector
==3604311== Copyright (C) 2002-2017, and GNU GPL'd, by Julian Seward et al.
==3604311== Using Valgrind-3.18.1 and LibVEX; rerun with -h for copyright info
==3604311== Command: ./webserv config/config_test.conf
==3604311== 
==3604311== 
==3604311== HEAP SUMMARY:
==3604311==     in use at exit: 194 bytes in 5 blocks
==3604311==   total heap usage: 378 allocs, 373 frees, 1,181,279 bytes allocated
==3604311== 
==3604311== 8 bytes in 1 blocks are still reachable in loss record 1 of 5
==3604311==    at 0x4849013: operator new(unsigned long) (in /usr/libexec/valgrind/vgpreload_memcheck-amd64-linux.so)
==3604311==    by 0x42E40C: main (in /sgoinfre/students/dbonilla/webServer/webserv)
==3604311== 
==3604311== 42 bytes in 1 blocks are indirectly lost in loss record 2 of 5
==3604311==    at 0x4849013: operator new(unsigned long) (in /usr/libexec/valgrind/vgpreload_memcheck-amd64-linux.so)
==3604311==    by 0x49C0109: void std::__cxx11::basic_string<char, std::char_traits<char>, std::allocator<char> >::_M_construct<char*>(char*, char*, std::forward_iterator_tag) (in /usr/lib/x86_64-linux-gnu/libstdc++.so.6.0.30)
==3604311==    by 0x410CCF: StaticHandlerFactory::StaticHandlerFactory(std::__cxx11::basic_string<char, std::char_traits<char>, std::allocator<char> > const&, IResponseBuilder*) (in /sgoinfre/students/dbonilla/webServer/webserv)
==3604311==    by 0x420609: Server::Server(ConfigParser&, std::__cxx11::basic_string<char, std::char_traits<char>, std::allocator<char> >, std::__cxx11::basic_string<char, std::char_traits<char>, std::allocator<char> > const&, std::__cxx11::basic_string<char, std::char_traits<char>, std::allocator<char> >, IResponseBuilder*) (in /sgoinfre/students/dbonilla/webServer/webserv)
==3604311==    by 0x42127C: Server::getInstance(ConfigParser&, std::__cxx11::basic_string<char, std::char_traits<char>, std::allocator<char> >, std::__cxx11::basic_string<char, std::char_traits<char>, std::allocator<char> > const&, std::__cxx11::basic_string<char, std::char_traits<char>, std::allocator<char> >, IResponseBuilder*) (in /sgoinfre/students/dbonilla/webServer/webserv)
==3604311==    by 0x42E4A7: main (in /sgoinfre/students/dbonilla/webServer/webserv)
==3604311== 
==3604311== 48 bytes in 1 blocks are definitely lost in loss record 3 of 5
==3604311==    at 0x4849013: operator new(unsigned long) (in /usr/libexec/valgrind/vgpreload_memcheck-amd64-linux.so)
==3604311==    by 0x42068F: Server::Server(ConfigParser&, std::__cxx11::basic_string<char, std::char_traits<char>, std::allocator<char> >, std::__cxx11::basic_string<char, std::char_traits<char>, std::allocator<char> > const&, std::__cxx11::basic_string<char, std::char_traits<char>, std::allocator<char> >, IResponseBuilder*) (in /sgoinfre/students/dbonilla/webServer/webserv)
==3604311==    by 0x42127C: Server::getInstance(ConfigParser&, std::__cxx11::basic_string<char, std::char_traits<char>, std::allocator<char> >, std::__cxx11::basic_string<char, std::char_traits<char>, std::allocator<char> > const&, std::__cxx11::basic_string<char, std::char_traits<char>, std::allocator<char> >, IResponseBuilder*) (in /sgoinfre/students/dbonilla/webServer/webserv)
==3604311==    by 0x42E4A7: main (in /sgoinfre/students/dbonilla/webServer/webserv)
==3604311== 
==3604311== 48 bytes in 1 blocks are definitely lost in loss record 4 of 5
==3604311==    at 0x4849013: operator new(unsigned long) (in /usr/libexec/valgrind/vgpreload_memcheck-amd64-linux.so)
==3604311==    by 0x42075B: Server::Server(ConfigParser&, std::__cxx11::basic_string<char, std::char_traits<char>, std::allocator<char> >, std::__cxx11::basic_string<char, std::char_traits<char>, std::allocator<char> > const&, std::__cxx11::basic_string<char, std::char_traits<char>, std::allocator<char> >, IResponseBuilder*) (in /sgoinfre/students/dbonilla/webServer/webserv)
==3604311==    by 0x42127C: Server::getInstance(ConfigParser&, std::__cxx11::basic_string<char, std::char_traits<char>, std::allocator<char> >, std::__cxx11::basic_string<char, std::char_traits<char>, std::allocator<char> > const&, std::__cxx11::basic_string<char, std::char_traits<char>, std::allocator<char> >, IResponseBuilder*) (in /sgoinfre/students/dbonilla/webServer/webserv)
==3604311==    by 0x42E4A7: main (in /sgoinfre/students/dbonilla/webServer/webserv)
==3604311== 
==3604311== 90 (48 direct, 42 indirect) bytes in 1 blocks are definitely lost in loss record 5 of 5
==3604311==    at 0x4849013: operator new(unsigned long) (in /usr/libexec/valgrind/vgpreload_memcheck-amd64-linux.so)
==3604311==    by 0x4205D2: Server::Server(ConfigParser&, std::__cxx11::basic_string<char, std::char_traits<char>, std::allocator<char> >, std::__cxx11::basic_string<char, std::char_traits<char>, std::allocator<char> > const&, std::__cxx11::basic_string<char, std::char_traits<char>, std::allocator<char> >, IResponseBuilder*) (in /sgoinfre/students/dbonilla/webServer/webserv)
==3604311==    by 0x42127C: Server::getInstance(ConfigParser&, std::__cxx11::basic_string<char, std::char_traits<char>, std::allocator<char> >, std::__cxx11::basic_string<char, std::char_traits<char>, std::allocator<char> > const&, std::__cxx11::basic_string<char, std::char_traits<char>, std::allocator<char> >, IResponseBuilder*) (in /sgoinfre/students/dbonilla/webServer/webserv)
==3604311==    by 0x42E4A7: main (in /sgoinfre/students/dbonilla/webServer/webserv)
==3604311== 
==3604311== LEAK SUMMARY:
==3604311==    definitely lost: 144 bytes in 3 blocks
==3604311==    indirectly lost: 42 bytes in 1 blocks
==3604311==      possibly lost: 0 bytes in 0 blocks
==3604311==    still reachable: 8 bytes in 1 blocks
==3604311==         suppressed: 0 bytes in 0 blocks
==3604311== 
==3604311== For lists of detected and suppressed errors, rerun with: -s
==3604311== ERROR SUMMARY: 3 errors from 3 contexts (suppressed: 0 from 0)
